2021-06-30 17:46:49 INFO  Log:9 - =====================================LoginTest TEST START=========================================
2021-06-30 17:46:49 INFO  Log:18 - User is going to click on Login
2021-06-30 17:46:51 INFO  Log:18 - Enter Username and password
2021-06-30 17:46:52 INFO  Log:18 - Verifying if user is able to login
2021-06-30 17:50:04 INFO  Log:9 - =====================================LoginTest TEST START=========================================
2021-06-30 17:50:04 INFO  Log:18 - User is going to click on Login
2021-06-30 17:50:05 INFO  Log:18 - Enter Username and password
2021-06-30 17:50:06 INFO  Log:18 - Verifying if user is able to login
2021-06-30 17:50:50 INFO  Log:9 - =====================================LoginTest TEST START=========================================
2021-06-30 17:50:50 INFO  Log:18 - User is going to click on Login
2021-06-30 17:50:52 INFO  Log:18 - Enter Username and password
2021-06-30 17:50:53 INFO  Log:18 - Verifying if user is able to login
2021-06-30 17:50:53 INFO  Log:18 - Login success
2021-06-30 17:50:53 INFO  Log:13 - =====================================LoginTest TEST END=========================================
2021-06-30 17:58:53 INFO  Log:9 - =====================================verifyOrderHistoryTest TEST START=========================================
2021-06-30 17:58:53 INFO  Log:18 - user is able to click on login
2021-06-30 17:59:00 INFO  Log:9 - =====================================verifyWishListTest TEST START=========================================
2021-06-30 17:59:00 INFO  Log:18 - user is able to click on login
2021-06-30 18:01:49 INFO  Log:9 - =====================================ProductAvailabilityTest TEST START=========================================
2021-06-30 18:01:49 INFO  Log:18 - user is seraching product
2021-06-30 18:12:36 INFO  Log:9 - =====================================ProductAvailabilityTest TEST START=========================================
2021-06-30 18:12:36 INFO  Log:18 - user is seraching product
2021-06-30 18:12:42 INFO  Log:18 - user verifying product availability
2021-06-30 18:12:42 INFO  Log:13 - =====================================ProductAvailabilityTest TEST END=========================================
2021-07-01 15:37:57 INFO  Log:9 - =====================================verifyOrderHistoryTest TEST START=========================================
2021-07-01 15:37:57 INFO  Log:18 - user is able to click on login
2021-07-01 15:38:13 INFO  Log:9 - =====================================verifyWishListTest TEST START=========================================
2021-07-01 15:38:13 INFO  Log:18 - user is able to click on login
2021-07-01 15:39:37 INFO  Log:9 - =====================================verifyOrderHistoryTest TEST START=========================================
2021-07-01 15:39:37 INFO  Log:18 - user is able to click on login
2021-07-01 15:41:14 INFO  Log:9 - =====================================verifyOrderHistoryTest TEST START=========================================
2021-07-01 15:41:14 INFO  Log:18 - user is able to click on login
2021-07-01 15:41:20 INFO  Log:18 - user entered username and password
2021-07-01 15:41:28 INFO  Log:18 - validating order history
2021-07-01 15:41:28 INFO  Log:13 - =====================================verifyOrderHistoryTest TEST END=========================================
2021-07-01 15:41:39 INFO  Log:9 - =====================================verifyWishListTest TEST START=========================================
2021-07-01 15:41:39 INFO  Log:18 - user is able to click on login
2021-07-01 15:41:41 INFO  Log:18 - user entered username and password
2021-07-01 15:41:42 INFO  Log:18 - validating mywishlist
2021-07-01 15:41:42 INFO  Log:13 - =====================================verifyWishListTest TEST END=========================================
2021-07-01 15:46:44 INFO  Log:9 - =====================================loginTest TEST START=========================================
2021-07-01 15:46:44 INFO  Log:18 - user is going to click on SignIn
2021-07-01 15:46:45 INFO  Log:18 - Enter Username and Password
2021-07-01 15:46:47 INFO  Log:18 - Verifying if user is able to login
2021-07-01 15:46:47 INFO  Log:18 - Login is Sucess
2021-07-01 15:46:47 INFO  Log:13 - =====================================loginTest TEST END=========================================
2021-07-01 15:46:54 INFO  Log:9 - =====================================loginTest TEST START=========================================
2021-07-01 15:46:54 INFO  Log:18 - user is going to click on SignIn
2021-07-01 15:46:55 INFO  Log:18 - Enter Username and Password
2021-07-01 15:46:55 INFO  Log:18 - Verifying if user is able to login
2021-07-01 15:48:08 INFO  Log:9 - =====================================LoginTest TEST START=========================================
2021-07-01 15:48:08 INFO  Log:18 - User is going to click on Login
2021-07-01 15:48:10 INFO  Log:18 - Enter Username and password
2021-07-01 15:48:11 INFO  Log:18 - Verifying if user is able to login
2021-07-01 15:48:11 INFO  Log:18 - Login success
2021-07-01 15:48:11 INFO  Log:13 - =====================================LoginTest TEST END=========================================
2021-07-01 15:48:17 INFO  Log:9 - =====================================LoginTest TEST START=========================================
2021-07-01 15:48:17 INFO  Log:18 - User is going to click on Login
2021-07-01 15:48:19 INFO  Log:18 - Enter Username and password
2021-07-01 15:48:21 INFO  Log:18 - Verifying if user is able to login
2021-07-02 17:10:19 INFO  Log:9 - =====================================verifyTotalPrice TEST START=========================================
2021-07-02 17:12:09 INFO  Log:9 - =====================================verifyTotalPrice TEST START=========================================
2021-07-02 17:13:40 INFO  Log:9 - =====================================verifyTotalPrice TEST START=========================================
2021-07-02 17:20:33 INFO  Log:9 - =====================================verifyTotalPrice TEST START=========================================
2021-07-02 17:20:43 INFO  Log:13 - =====================================verifyTotalPrice TEST END=========================================
2021-07-02 17:21:05 INFO  Log:9 - =====================================endtoEndTest TEST START=========================================
2021-07-02 17:28:05 INFO  Log:9 - =====================================endtoEndTest TEST START=========================================
2021-07-02 17:30:03 INFO  Log:9 - =====================================endtoEndTest TEST START=========================================
2021-07-02 17:33:30 INFO  Log:9 - =====================================endtoEndTest TEST START=========================================
2021-07-02 17:38:08 INFO  Log:9 - =====================================endtoEndTest TEST START=========================================
2021-07-02 17:42:12 INFO  Log:9 - =====================================endtoEndTest TEST START=========================================
2021-07-02 17:43:33 INFO  Log:9 - =====================================LoginTest TEST START=========================================
2021-07-02 17:43:33 INFO  Log:18 - User is going to click on Login
2021-07-02 17:43:34 INFO  Log:18 - Enter Username and password
2021-07-02 17:43:37 INFO  Log:18 - Verifying if user is able to login
2021-07-02 17:43:37 INFO  Log:18 - Login success
2021-07-02 17:43:37 INFO  Log:13 - =====================================LoginTest TEST END=========================================
2021-07-02 17:43:43 INFO  Log:9 - =====================================LoginTest TEST START=========================================
2021-07-02 17:43:43 INFO  Log:18 - User is going to click on Login
2021-07-02 17:43:44 INFO  Log:18 - Enter Username and password
2021-07-02 17:43:47 INFO  Log:18 - Verifying if user is able to login
2021-07-02 17:44:47 INFO  Log:9 - =====================================LoginTest TEST START=========================================
2021-07-02 17:44:47 INFO  Log:18 - User is going to click on Login
2021-07-02 17:44:48 INFO  Log:18 - Enter Username and password
2021-07-02 17:44:52 INFO  Log:18 - Verifying if user is able to login
2021-07-02 17:44:52 INFO  Log:18 - Login success
2021-07-02 17:44:52 INFO  Log:13 - =====================================LoginTest TEST END=========================================
2021-07-02 17:44:59 INFO  Log:9 - =====================================LoginTest TEST START=========================================
2021-07-02 17:44:59 INFO  Log:18 - User is going to click on Login
2021-07-02 17:45:01 INFO  Log:18 - Enter Username and password
2021-07-02 17:45:04 INFO  Log:18 - Verifying if user is able to login
2021-07-02 17:46:55 INFO  Log:9 - =====================================endtoEndTest TEST START=========================================
2021-07-02 17:50:18 INFO  Log:9 - =====================================endtoEndTest TEST START=========================================
2021-07-02 18:02:11 INFO  Log:9 - =====================================endToEndTest TEST START=========================================
2021-07-02 18:03:54 INFO  Log:9 - =====================================endToEndTest TEST START=========================================
2021-07-02 18:06:12 INFO  Log:9 - =====================================endToEndTest TEST START=========================================
2021-07-02 18:09:33 INFO  Log:9 - =====================================endToEndTest TEST START=========================================
2021-07-02 18:12:11 INFO  Log:9 - =====================================createAccountTest TEST START=========================================
2021-07-02 18:12:31 INFO  Log:9 - =====================================createAccountTest TEST START=========================================
2021-07-02 18:12:49 INFO  Log:9 - =====================================createAccountTest TEST START=========================================
2021-07-02 18:13:07 INFO  Log:9 - =====================================verifyCreateAccountPageTest TEST START=========================================
2021-07-02 18:14:56 INFO  Log:9 - =====================================createAccountTest TEST START=========================================
2021-07-02 18:15:04 INFO  Log:13 - =====================================createAccountTest TEST END=========================================
2021-07-02 18:15:11 INFO  Log:9 - =====================================createAccountTest TEST START=========================================
2021-07-02 18:15:17 INFO  Log:13 - =====================================createAccountTest TEST END=========================================
2021-07-02 18:15:24 INFO  Log:9 - =====================================createAccountTest TEST START=========================================
2021-07-02 18:15:31 INFO  Log:13 - =====================================createAccountTest TEST END=========================================
2021-07-02 18:15:37 INFO  Log:9 - =====================================verifyCreateAccountPageTest TEST START=========================================
2021-07-07 14:55:04 INFO  Log:9 - =====================================endToEndTest TEST START=========================================
2021-07-07 15:00:03 INFO  Log:9 - =====================================endToEndTest TEST START=========================================
2021-07-07 15:06:22 INFO  Log:9 - =====================================endToEndTest TEST START=========================================
2021-07-07 15:09:08 INFO  Log:9 - =====================================endToEndTest TEST START=========================================
2021-07-07 15:11:55 INFO  Log:9 - =====================================endToEndTest TEST START=========================================
2021-07-07 15:16:28 INFO  Log:9 - =====================================endToEndTest TEST START=========================================
2021-07-07 15:20:57 INFO  Log:9 - =====================================endToEndTest TEST START=========================================
2021-07-07 15:23:11 INFO  Log:9 - =====================================endToEndTest TEST START=========================================
2021-07-07 15:24:05 INFO  Log:9 - =====================================endToEndTest TEST START=========================================
2021-07-07 15:28:04 INFO  Log:9 - =====================================endToEndTest TEST START=========================================
2021-07-07 15:37:59 INFO  Log:9 - =====================================endToEndTest TEST START=========================================
2021-07-07 15:39:57 INFO  Log:9 - =====================================endToEndTest TEST START=========================================
2021-07-07 15:43:09 INFO  Log:9 - =====================================endToEndTest TEST START=========================================
2021-07-07 15:44:35 INFO  Log:9 - =====================================endToEndTest TEST START=========================================
2021-07-07 15:46:06 INFO  Log:9 - =====================================endToEndTest TEST START=========================================
2021-07-07 15:47:14 INFO  Log:9 - =====================================endToEndTest TEST START=========================================
2021-07-07 15:48:23 INFO  Log:9 - =====================================endToEndTest TEST START=========================================
2021-07-07 15:52:01 INFO  Log:9 - =====================================endToEndTest TEST START=========================================
2021-07-07 15:55:58 INFO  Log:9 - =====================================LoginTest TEST START=========================================
2021-07-07 15:55:58 INFO  Log:18 - User is going to click on Login
2021-07-07 15:56:00 INFO  Log:18 - Enter Username and password
2021-07-07 15:58:18 INFO  Log:9 - =====================================endToEndTest TEST START=========================================
2021-07-07 15:59:16 INFO  Log:9 - =====================================LoginTest TEST START=========================================
2021-07-07 15:59:16 INFO  Log:18 - User is going to click on Login
2021-07-07 15:59:18 INFO  Log:18 - Enter Username and password
2021-07-07 16:02:29 INFO  Log:9 - =====================================LoginTest TEST START=========================================
2021-07-07 16:02:29 INFO  Log:18 - User is going to click on Login
2021-07-07 16:02:30 INFO  Log:18 - Enter Username and password
2021-07-07 16:20:19 INFO  Log:9 - =====================================LoginTest TEST START=========================================
2021-07-07 16:20:19 INFO  Log:18 - User is going to click on Login
2021-07-07 16:20:21 INFO  Log:18 - Enter Username and password
2021-07-07 22:26:06 INFO  Log:9 - =====================================endToEndTest TEST START=========================================
2021-07-07 22:35:54 INFO  Log:9 - =====================================endToEndTest TEST START=========================================
2021-07-29 16:58:37 INFO  Log:9 - =====================================verifyTitle TEST START=========================================
2021-07-29 16:58:37 INFO  Log:13 - =====================================verifyTitle TEST END=========================================
2021-07-29 16:58:52 INFO  Log:9 - =====================================verifyTitle TEST START=========================================
2021-07-29 16:58:52 INFO  Log:13 - =====================================verifyTitle TEST END=========================================
2021-07-29 17:16:00 INFO  Log:9 - =====================================verifyTitle TEST START=========================================
2021-07-29 17:16:00 INFO  Log:13 - =====================================verifyTitle TEST END=========================================
2021-07-29 17:16:06 INFO  Log:9 - =====================================verifyTitle TEST START=========================================
2021-07-29 17:16:06 INFO  Log:13 - =====================================verifyTitle TEST END=========================================
2021-08-03 16:05:24 INFO  Log:9 - =====================================verifyTitle TEST START=========================================
2021-08-03 16:05:24 INFO  Log:13 - =====================================verifyTitle TEST END=========================================
2021-08-03 16:05:33 INFO  Log:9 - =====================================verifyTitle TEST START=========================================
2021-08-03 16:05:33 INFO  Log:13 - =====================================verifyTitle TEST END=========================================
2021-08-04 16:28:33 INFO  Log:9 - =====================================ProductAvailabilityTest TEST START=========================================
2021-08-04 16:28:33 INFO  Log:18 - user is searching product
2021-08-04 16:28:40 INFO  Log:18 - user verifying product availability
2021-08-04 16:28:40 INFO  Log:13 - =====================================ProductAvailabilityTest TEST END=========================================
2021-08-04 16:28:45 INFO  Log:9 - =====================================LoginTest TEST START=========================================
2021-08-04 16:28:45 INFO  Log:18 - User is going to click on Login
2021-08-04 16:28:49 INFO  Log:18 - Enter Username and password
2021-08-04 16:28:58 INFO  Log:18 - Verifying if user is able to login
2021-08-04 16:28:58 INFO  Log:18 - Login success
2021-08-04 16:28:58 INFO  Log:13 - =====================================LoginTest TEST END=========================================
2021-08-04 16:29:02 INFO  Log:9 - =====================================LoginTest TEST START=========================================
2021-08-04 16:29:02 INFO  Log:18 - User is going to click on Login
2021-08-04 16:29:06 INFO  Log:18 - Enter Username and password
2021-08-04 16:29:11 INFO  Log:18 - Verifying if user is able to login
2021-08-04 16:29:20 INFO  Log:9 - =====================================verifyTitle TEST START=========================================
2021-08-04 16:29:20 INFO  Log:13 - =====================================verifyTitle TEST END=========================================
2021-08-04 16:29:26 INFO  Log:9 - =====================================verifyOrderHistoryTest TEST START=========================================
2021-08-04 16:29:26 INFO  Log:18 - user is able to click on login
2021-08-04 16:29:32 INFO  Log:18 - user entered username and password
2021-08-04 16:29:42 INFO  Log:18 - validating order history
2021-08-04 16:29:42 INFO  Log:13 - =====================================verifyOrderHistoryTest TEST END=========================================
2021-08-04 16:29:47 INFO  Log:9 - =====================================verifyOrderHistoryTest TEST START=========================================
2021-08-04 16:29:47 INFO  Log:18 - user is able to click on login
2021-08-04 16:29:48 INFO  Log:18 - user entered username and password
2021-08-04 16:30:05 INFO  Log:9 - =====================================verifyWishListTest TEST START=========================================
2021-08-04 16:30:05 INFO  Log:18 - user is able to click on login
2021-08-04 16:30:07 INFO  Log:18 - user entered username and password
2021-08-04 16:30:12 INFO  Log:18 - validating mywishlist
2021-08-04 16:30:12 INFO  Log:13 - =====================================verifyWishListTest TEST END=========================================
2021-08-04 16:30:15 INFO  Log:9 - =====================================verifyWishListTest TEST START=========================================
2021-08-04 16:30:15 INFO  Log:18 - user is able to click on login
2021-08-04 16:30:17 INFO  Log:18 - user entered username and password
2021-08-04 16:30:20 INFO  Log:18 - validating mywishlist
2021-08-04 16:42:00 INFO  Log:9 - =====================================verifyTotalPrice TEST START=========================================
2021-08-04 16:42:12 INFO  Log:13 - =====================================verifyTotalPrice TEST END=========================================
2021-08-04 16:42:15 INFO  Log:9 - =====================================ProductAvailabilityTest TEST START=========================================
2021-08-04 16:42:15 INFO  Log:18 - user is searching product
2021-08-04 16:42:20 INFO  Log:18 - user verifying product availability
2021-08-04 16:42:20 INFO  Log:13 - =====================================ProductAvailabilityTest TEST END=========================================
2021-08-04 16:42:24 INFO  Log:9 - =====================================LoginTest TEST START=========================================
2021-08-04 16:42:24 INFO  Log:18 - User is going to click on Login
2021-08-04 16:42:25 INFO  Log:18 - Enter Username and password
2021-08-04 16:42:29 INFO  Log:18 - Verifying if user is able to login
2021-08-04 16:42:29 INFO  Log:18 - Login success
2021-08-04 16:42:29 INFO  Log:13 - =====================================LoginTest TEST END=========================================
2021-08-04 16:42:32 INFO  Log:9 - =====================================LoginTest TEST START=========================================
2021-08-04 16:42:32 INFO  Log:18 - User is going to click on Login
2021-08-04 16:42:33 INFO  Log:18 - Enter Username and password
2021-08-04 16:42:37 INFO  Log:18 - Verifying if user is able to login
2021-08-04 16:42:40 INFO  Log:9 - =====================================createAccountTest TEST START=========================================
2021-08-04 16:42:55 INFO  Log:9 - =====================================createAccountTest TEST START=========================================
2021-08-04 16:43:10 INFO  Log:9 - =====================================createAccountTest TEST START=========================================
2021-08-04 16:43:27 INFO  Log:9 - =====================================verifyCreateAccountPageTest TEST START=========================================
2021-08-04 16:43:43 INFO  Log:9 - =====================================addToCartTest TEST START=========================================
2021-08-04 16:43:43 INFO  Log:18 - user is searching product
2021-08-04 16:43:48 INFO  Log:18 - user is clicking on product
2021-08-04 16:43:50 INFO  Log:18 - user is selecting quantity and size
2021-08-04 16:43:52 INFO  Log:13 - =====================================addToCartTest TEST END=========================================
2021-08-04 16:43:56 INFO  Log:9 - =====================================endToEndTest TEST START=========================================
2021-08-04 16:44:15 INFO  Log:9 - =====================================verifyTitle TEST START=========================================
2021-08-04 16:44:15 INFO  Log:13 - =====================================verifyTitle TEST END=========================================
2021-08-04 16:44:18 INFO  Log:9 - =====================================verifyOrderHistoryTest TEST START=========================================
2021-08-04 16:44:18 INFO  Log:18 - user is able to click on login
2021-08-04 16:44:19 INFO  Log:18 - user entered username and password
2021-08-04 16:44:22 INFO  Log:18 - validating order history
2021-08-04 16:44:22 INFO  Log:13 - =====================================verifyOrderHistoryTest TEST END=========================================
2021-08-04 16:44:26 INFO  Log:9 - =====================================verifyOrderHistoryTest TEST START=========================================
2021-08-04 16:44:26 INFO  Log:18 - user is able to click on login
2021-08-04 16:44:27 INFO  Log:18 - user entered username and password
2021-08-04 16:44:45 INFO  Log:9 - =====================================verifyWishListTest TEST START=========================================
2021-08-04 16:44:45 INFO  Log:18 - user is able to click on login
2021-08-04 16:44:46 INFO  Log:18 - user entered username and password
2021-08-04 16:44:49 INFO  Log:18 - validating mywishlist
2021-08-04 16:44:49 INFO  Log:13 - =====================================verifyWishListTest TEST END=========================================
2021-08-04 16:44:53 INFO  Log:9 - =====================================verifyWishListTest TEST START=========================================
2021-08-04 16:44:53 INFO  Log:18 - user is able to click on login
2021-08-04 16:44:54 INFO  Log:18 - user entered username and password
2021-08-04 16:44:57 INFO  Log:18 - validating mywishlist
2021-08-04 16:45:08 DEBUG cache:45 - Couldn't find template in cache for "v3html/v3-html-index.ftl"("en", UTF-8, parsed); will try to load it.
2021-08-04 16:45:08 DEBUG cache:45 - TemplateLoader.findTemplateSource("v3html/v3-html-index_en.ftl"): Not found
2021-08-04 16:45:08 DEBUG cache:45 - TemplateLoader.findTemplateSource("v3html/v3-html-index.ftl"): Found
2021-08-04 16:45:08 DEBUG cache:45 - Loading template for "v3html/v3-html-index.ftl"("en", UTF-8, parsed) from "jar:file:/C:/Users/patsa/.m2/repository/com/aventstack/extentreports/4.0.9/extentreports-4.0.9.jar!/com/aventstack/extentreports/view/v3html/v3-html-index.ftl"
2021-08-04 16:45:08 DEBUG cache:45 - Couldn't find template in cache for "v3html/v3-html-head.ftl"("en", UTF-8, parsed); will try to load it.
2021-08-04 16:45:08 DEBUG cache:45 - TemplateLoader.findTemplateSource("v3html/v3-html-head_en.ftl"): Not found
2021-08-04 16:45:08 DEBUG cache:45 - TemplateLoader.findTemplateSource("v3html/v3-html-head.ftl"): Found
2021-08-04 16:45:08 DEBUG cache:45 - Loading template for "v3html/v3-html-head.ftl"("en", UTF-8, parsed) from "jar:file:/C:/Users/patsa/.m2/repository/com/aventstack/extentreports/4.0.9/extentreports-4.0.9.jar!/com/aventstack/extentreports/view/v3html/v3-html-head.ftl"
2021-08-04 16:45:08 DEBUG cache:45 - Couldn't find template in cache for "v3html/v3-html-nav.ftl"("en", UTF-8, parsed); will try to load it.
2021-08-04 16:45:08 DEBUG cache:45 - TemplateLoader.findTemplateSource("v3html/v3-html-nav_en.ftl"): Not found
2021-08-04 16:45:08 DEBUG cache:45 - TemplateLoader.findTemplateSource("v3html/v3-html-nav.ftl"): Found
2021-08-04 16:45:08 DEBUG cache:45 - Loading template for "v3html/v3-html-nav.ftl"("en", UTF-8, parsed) from "jar:file:/C:/Users/patsa/.m2/repository/com/aventstack/extentreports/4.0.9/extentreports-4.0.9.jar!/com/aventstack/extentreports/view/v3html/v3-html-nav.ftl"
2021-08-04 16:45:08 DEBUG cache:45 - Couldn't find template in cache for "v3html/test-view/v3-html-test-view.ftl"("en", UTF-8, parsed); will try to load it.
2021-08-04 16:45:08 DEBUG cache:45 - TemplateLoader.findTemplateSource("v3html/test-view/v3-html-test-view_en.ftl"): Not found
2021-08-04 16:45:08 DEBUG cache:45 - TemplateLoader.findTemplateSource("v3html/test-view/v3-html-test-view.ftl"): Found
2021-08-04 16:45:08 DEBUG cache:45 - Loading template for "v3html/test-view/v3-html-test-view.ftl"("en", UTF-8, parsed) from "jar:file:/C:/Users/patsa/.m2/repository/com/aventstack/extentreports/4.0.9/extentreports-4.0.9.jar!/com/aventstack/extentreports/view/v3html/test-view/v3-html-test-view.ftl"
2021-08-04 16:45:08 DEBUG cache:45 - Couldn't find template in cache for "v3html/test-view/v3-html-test-view-charts.ftl"("en", UTF-8, parsed); will try to load it.
2021-08-04 16:45:08 DEBUG cache:45 - TemplateLoader.findTemplateSource("v3html/test-view/v3-html-test-view-charts_en.ftl"): Not found
2021-08-04 16:45:08 DEBUG cache:45 - TemplateLoader.findTemplateSource("v3html/test-view/v3-html-test-view-charts.ftl"): Found
2021-08-04 16:45:08 DEBUG cache:45 - Loading template for "v3html/test-view/v3-html-test-view-charts.ftl"("en", UTF-8, parsed) from "jar:file:/C:/Users/patsa/.m2/repository/com/aventstack/extentreports/4.0.9/extentreports-4.0.9.jar!/com/aventstack/extentreports/view/v3html/test-view/v3-html-test-view-charts.ftl"
2021-08-04 16:45:08 DEBUG cache:45 - Couldn't find template in cache for "v3html/test-view/v3-html-standard.ftl"("en", UTF-8, parsed); will try to load it.
2021-08-04 16:45:08 DEBUG cache:45 - TemplateLoader.findTemplateSource("v3html/test-view/v3-html-standard_en.ftl"): Not found
2021-08-04 16:45:08 DEBUG cache:45 - TemplateLoader.findTemplateSource("v3html/test-view/v3-html-standard.ftl"): Found
2021-08-04 16:45:08 DEBUG cache:45 - Loading template for "v3html/test-view/v3-html-standard.ftl"("en", UTF-8, parsed) from "jar:file:/C:/Users/patsa/.m2/repository/com/aventstack/extentreports/4.0.9/extentreports-4.0.9.jar!/com/aventstack/extentreports/view/v3html/test-view/v3-html-standard.ftl"
2021-08-04 16:45:08 DEBUG cache:45 - "v3html/test-view/v3-html-standard.ftl"("en", UTF-8, parsed) cached copy not yet stale; using cached.
2021-08-04 16:45:08 DEBUG cache:45 - "v3html/test-view/v3-html-standard.ftl"("en", UTF-8, parsed) cached copy not yet stale; using cached.
2021-08-04 16:45:08 DEBUG cache:45 - "v3html/test-view/v3-html-standard.ftl"("en", UTF-8, parsed) cached copy not yet stale; using cached.
2021-08-04 16:45:08 DEBUG cache:45 - "v3html/test-view/v3-html-standard.ftl"("en", UTF-8, parsed) cached copy not yet stale; using cached.
2021-08-04 16:45:08 DEBUG cache:45 - "v3html/test-view/v3-html-standard.ftl"("en", UTF-8, parsed) cached copy not yet stale; using cached.
2021-08-04 16:45:08 DEBUG cache:45 - "v3html/test-view/v3-html-standard.ftl"("en", UTF-8, parsed) cached copy not yet stale; using cached.
2021-08-04 16:45:08 DEBUG cache:45 - "v3html/test-view/v3-html-standard.ftl"("en", UTF-8, parsed) cached copy not yet stale; using cached.
2021-08-04 16:45:08 DEBUG cache:45 - "v3html/test-view/v3-html-standard.ftl"("en", UTF-8, parsed) cached copy not yet stale; using cached.
2021-08-04 16:45:08 DEBUG cache:45 - "v3html/test-view/v3-html-standard.ftl"("en", UTF-8, parsed) cached copy not yet stale; using cached.
2021-08-04 16:45:08 DEBUG cache:45 - "v3html/test-view/v3-html-standard.ftl"("en", UTF-8, parsed) cached copy not yet stale; using cached.
2021-08-04 16:45:08 DEBUG cache:45 - "v3html/test-view/v3-html-standard.ftl"("en", UTF-8, parsed) cached copy not yet stale; using cached.
2021-08-04 16:45:08 DEBUG cache:45 - "v3html/test-view/v3-html-standard.ftl"("en", UTF-8, parsed) cached copy not yet stale; using cached.
2021-08-04 16:45:08 DEBUG cache:45 - "v3html/test-view/v3-html-standard.ftl"("en", UTF-8, parsed) cached copy not yet stale; using cached.
2021-08-04 16:45:08 DEBUG cache:45 - "v3html/test-view/v3-html-standard.ftl"("en", UTF-8, parsed) cached copy not yet stale; using cached.
2021-08-04 16:45:08 DEBUG cache:45 - "v3html/test-view/v3-html-standard.ftl"("en", UTF-8, parsed) cached copy not yet stale; using cached.
2021-08-04 16:45:08 DEBUG cache:45 - Couldn't find template in cache for "v3html/category-view/v3-html-category-view.ftl"("en", UTF-8, parsed); will try to load it.
2021-08-04 16:45:08 DEBUG cache:45 - TemplateLoader.findTemplateSource("v3html/category-view/v3-html-category-view_en.ftl"): Not found
2021-08-04 16:45:08 DEBUG cache:45 - TemplateLoader.findTemplateSource("v3html/category-view/v3-html-category-view.ftl"): Found
2021-08-04 16:45:08 DEBUG cache:45 - Loading template for "v3html/category-view/v3-html-category-view.ftl"("en", UTF-8, parsed) from "jar:file:/C:/Users/patsa/.m2/repository/com/aventstack/extentreports/4.0.9/extentreports-4.0.9.jar!/com/aventstack/extentreports/view/v3html/category-view/v3-html-category-view.ftl"
2021-08-04 16:45:08 DEBUG cache:45 - Couldn't find template in cache for "v3html/exception-view/v3-html-exception-view.ftl"("en", UTF-8, parsed); will try to load it.
2021-08-04 16:45:08 DEBUG cache:45 - TemplateLoader.findTemplateSource("v3html/exception-view/v3-html-exception-view_en.ftl"): Not found
2021-08-04 16:45:08 DEBUG cache:45 - TemplateLoader.findTemplateSource("v3html/exception-view/v3-html-exception-view.ftl"): Found
2021-08-04 16:45:08 DEBUG cache:45 - Loading template for "v3html/exception-view/v3-html-exception-view.ftl"("en", UTF-8, parsed) from "jar:file:/C:/Users/patsa/.m2/repository/com/aventstack/extentreports/4.0.9/extentreports-4.0.9.jar!/com/aventstack/extentreports/view/v3html/exception-view/v3-html-exception-view.ftl"
2021-08-04 16:45:08 DEBUG cache:45 - Couldn't find template in cache for "v3html/author-view/v3-html-author-view.ftl"("en", UTF-8, parsed); will try to load it.
2021-08-04 16:45:08 DEBUG cache:45 - TemplateLoader.findTemplateSource("v3html/author-view/v3-html-author-view_en.ftl"): Not found
2021-08-04 16:45:08 DEBUG cache:45 - TemplateLoader.findTemplateSource("v3html/author-view/v3-html-author-view.ftl"): Found
2021-08-04 16:45:08 DEBUG cache:45 - Loading template for "v3html/author-view/v3-html-author-view.ftl"("en", UTF-8, parsed) from "jar:file:/C:/Users/patsa/.m2/repository/com/aventstack/extentreports/4.0.9/extentreports-4.0.9.jar!/com/aventstack/extentreports/view/v3html/author-view/v3-html-author-view.ftl"
2021-08-04 16:45:08 DEBUG cache:45 - Couldn't find template in cache for "v3html/dashboard-view/v3-html-dashboard-view.ftl"("en", UTF-8, parsed); will try to load it.
2021-08-04 16:45:08 DEBUG cache:45 - TemplateLoader.findTemplateSource("v3html/dashboard-view/v3-html-dashboard-view_en.ftl"): Not found
2021-08-04 16:45:08 DEBUG cache:45 - TemplateLoader.findTemplateSource("v3html/dashboard-view/v3-html-dashboard-view.ftl"): Found
2021-08-04 16:45:08 DEBUG cache:45 - Loading template for "v3html/dashboard-view/v3-html-dashboard-view.ftl"("en", UTF-8, parsed) from "jar:file:/C:/Users/patsa/.m2/repository/com/aventstack/extentreports/4.0.9/extentreports-4.0.9.jar!/com/aventstack/extentreports/view/v3html/dashboard-view/v3-html-dashboard-view.ftl"
2021-08-04 16:45:08 DEBUG cache:45 - Couldn't find template in cache for "v3html/logs-view/v3-html-testrunner-logs-view.ftl"("en", UTF-8, parsed); will try to load it.
2021-08-04 16:45:08 DEBUG cache:45 - TemplateLoader.findTemplateSource("v3html/logs-view/v3-html-testrunner-logs-view_en.ftl"): Not found
2021-08-04 16:45:08 DEBUG cache:45 - TemplateLoader.findTemplateSource("v3html/logs-view/v3-html-testrunner-logs-view.ftl"): Found
2021-08-04 16:45:08 DEBUG cache:45 - Loading template for "v3html/logs-view/v3-html-testrunner-logs-view.ftl"("en", UTF-8, parsed) from "jar:file:/C:/Users/patsa/.m2/repository/com/aventstack/extentreports/4.0.9/extentreports-4.0.9.jar!/com/aventstack/extentreports/view/v3html/logs-view/v3-html-testrunner-logs-view.ftl"
2021-08-04 16:55:28 INFO  Log:9 - =====================================verifyTotalPrice TEST START=========================================
2021-08-04 16:56:15 INFO  Log:13 - =====================================verifyTotalPrice TEST END=========================================
2021-08-04 16:56:23 INFO  Log:9 - =====================================ProductAvailabilityTest TEST START=========================================
2021-08-04 16:56:23 INFO  Log:18 - user is searching product
2021-08-04 16:56:28 INFO  Log:18 - user verifying product availability
2021-08-04 16:56:28 INFO  Log:13 - =====================================ProductAvailabilityTest TEST END=========================================
2021-08-04 16:56:33 INFO  Log:9 - =====================================LoginTest TEST START=========================================
2021-08-04 16:56:33 INFO  Log:18 - User is going to click on Login
2021-08-04 16:56:34 INFO  Log:18 - Enter Username and password
2021-08-04 16:56:39 INFO  Log:18 - Verifying if user is able to login
2021-08-04 16:56:39 INFO  Log:18 - Login success
2021-08-04 16:56:39 INFO  Log:13 - =====================================LoginTest TEST END=========================================
2021-08-04 16:56:43 INFO  Log:9 - =====================================LoginTest TEST START=========================================
2021-08-04 16:56:43 INFO  Log:18 - User is going to click on Login
2021-08-04 16:56:45 INFO  Log:18 - Enter Username and password
2021-08-04 16:56:50 INFO  Log:18 - Verifying if user is able to login
2021-08-04 16:56:54 INFO  Log:9 - =====================================createAccountTest TEST START=========================================
2021-08-04 16:57:09 INFO  Log:9 - =====================================createAccountTest TEST START=========================================
2021-08-04 16:57:25 INFO  Log:9 - =====================================createAccountTest TEST START=========================================
2021-08-04 16:57:41 INFO  Log:9 - =====================================verifyCreateAccountPageTest TEST START=========================================
2021-08-04 16:57:57 INFO  Log:9 - =====================================addToCartTest TEST START=========================================
2021-08-04 16:57:57 INFO  Log:18 - user is searching product
2021-08-04 16:58:02 INFO  Log:18 - user is clicking on product
2021-08-04 16:58:03 INFO  Log:18 - user is selecting quantity and size
2021-08-04 16:58:05 INFO  Log:13 - =====================================addToCartTest TEST END=========================================
2021-08-04 16:58:09 INFO  Log:9 - =====================================endToEndTest TEST START=========================================
2021-08-04 16:58:32 INFO  Log:9 - =====================================verifyTitle TEST START=========================================
2021-08-04 16:58:32 INFO  Log:13 - =====================================verifyTitle TEST END=========================================
2021-08-04 16:58:36 INFO  Log:9 - =====================================verifyOrderHistoryTest TEST START=========================================
2021-08-04 16:58:36 INFO  Log:18 - user is able to click on login
2021-08-04 16:58:36 INFO  Log:18 - user entered username and password
2021-08-04 16:58:40 INFO  Log:18 - validating order history
2021-08-04 16:58:40 INFO  Log:13 - =====================================verifyOrderHistoryTest TEST END=========================================
2021-08-04 16:58:44 INFO  Log:9 - =====================================verifyOrderHistoryTest TEST START=========================================
2021-08-04 16:58:44 INFO  Log:18 - user is able to click on login
2021-08-04 16:58:45 INFO  Log:18 - user entered username and password
2021-08-04 16:59:03 INFO  Log:9 - =====================================verifyWishListTest TEST START=========================================
2021-08-04 16:59:03 INFO  Log:18 - user is able to click on login
2021-08-04 16:59:04 INFO  Log:18 - user entered username and password
2021-08-04 16:59:10 INFO  Log:18 - validating mywishlist
2021-08-04 16:59:10 INFO  Log:13 - =====================================verifyWishListTest TEST END=========================================
2021-08-04 16:59:13 INFO  Log:9 - =====================================verifyWishListTest TEST START=========================================
2021-08-04 16:59:13 INFO  Log:18 - user is able to click on login
2021-08-04 16:59:14 INFO  Log:18 - user entered username and password
2021-08-04 16:59:18 INFO  Log:18 - validating mywishlist
2021-08-04 16:59:29 DEBUG cache:45 - Couldn't find template in cache for "v3html/v3-html-index.ftl"("en", UTF-8, parsed); will try to load it.
2021-08-04 16:59:29 DEBUG cache:45 - TemplateLoader.findTemplateSource("v3html/v3-html-index_en.ftl"): Not found
2021-08-04 16:59:29 DEBUG cache:45 - TemplateLoader.findTemplateSource("v3html/v3-html-index.ftl"): Found
2021-08-04 16:59:29 DEBUG cache:45 - Loading template for "v3html/v3-html-index.ftl"("en", UTF-8, parsed) from "jar:file:/C:/Users/patsa/.m2/repository/com/aventstack/extentreports/4.0.9/extentreports-4.0.9.jar!/com/aventstack/extentreports/view/v3html/v3-html-index.ftl"
2021-08-04 16:59:29 DEBUG cache:45 - Couldn't find template in cache for "v3html/v3-html-head.ftl"("en", UTF-8, parsed); will try to load it.
2021-08-04 16:59:29 DEBUG cache:45 - TemplateLoader.findTemplateSource("v3html/v3-html-head_en.ftl"): Not found
2021-08-04 16:59:29 DEBUG cache:45 - TemplateLoader.findTemplateSource("v3html/v3-html-head.ftl"): Found
2021-08-04 16:59:29 DEBUG cache:45 - Loading template for "v3html/v3-html-head.ftl"("en", UTF-8, parsed) from "jar:file:/C:/Users/patsa/.m2/repository/com/aventstack/extentreports/4.0.9/extentreports-4.0.9.jar!/com/aventstack/extentreports/view/v3html/v3-html-head.ftl"
2021-08-04 16:59:29 DEBUG cache:45 - Couldn't find template in cache for "v3html/v3-html-nav.ftl"("en", UTF-8, parsed); will try to load it.
2021-08-04 16:59:29 DEBUG cache:45 - TemplateLoader.findTemplateSource("v3html/v3-html-nav_en.ftl"): Not found
2021-08-04 16:59:29 DEBUG cache:45 - TemplateLoader.findTemplateSource("v3html/v3-html-nav.ftl"): Found
2021-08-04 16:59:29 DEBUG cache:45 - Loading template for "v3html/v3-html-nav.ftl"("en", UTF-8, parsed) from "jar:file:/C:/Users/patsa/.m2/repository/com/aventstack/extentreports/4.0.9/extentreports-4.0.9.jar!/com/aventstack/extentreports/view/v3html/v3-html-nav.ftl"
2021-08-04 16:59:29 DEBUG cache:45 - Couldn't find template in cache for "v3html/test-view/v3-html-test-view.ftl"("en", UTF-8, parsed); will try to load it.
2021-08-04 16:59:29 DEBUG cache:45 - TemplateLoader.findTemplateSource("v3html/test-view/v3-html-test-view_en.ftl"): Not found
2021-08-04 16:59:29 DEBUG cache:45 - TemplateLoader.findTemplateSource("v3html/test-view/v3-html-test-view.ftl"): Found
2021-08-04 16:59:29 DEBUG cache:45 - Loading template for "v3html/test-view/v3-html-test-view.ftl"("en", UTF-8, parsed) from "jar:file:/C:/Users/patsa/.m2/repository/com/aventstack/extentreports/4.0.9/extentreports-4.0.9.jar!/com/aventstack/extentreports/view/v3html/test-view/v3-html-test-view.ftl"
2021-08-04 16:59:29 DEBUG cache:45 - Couldn't find template in cache for "v3html/test-view/v3-html-test-view-charts.ftl"("en", UTF-8, parsed); will try to load it.
2021-08-04 16:59:29 DEBUG cache:45 - TemplateLoader.findTemplateSource("v3html/test-view/v3-html-test-view-charts_en.ftl"): Not found
2021-08-04 16:59:29 DEBUG cache:45 - TemplateLoader.findTemplateSource("v3html/test-view/v3-html-test-view-charts.ftl"): Found
2021-08-04 16:59:29 DEBUG cache:45 - Loading template for "v3html/test-view/v3-html-test-view-charts.ftl"("en", UTF-8, parsed) from "jar:file:/C:/Users/patsa/.m2/repository/com/aventstack/extentreports/4.0.9/extentreports-4.0.9.jar!/com/aventstack/extentreports/view/v3html/test-view/v3-html-test-view-charts.ftl"
2021-08-04 16:59:29 DEBUG cache:45 - Couldn't find template in cache for "v3html/test-view/v3-html-standard.ftl"("en", UTF-8, parsed); will try to load it.
2021-08-04 16:59:29 DEBUG cache:45 - TemplateLoader.findTemplateSource("v3html/test-view/v3-html-standard_en.ftl"): Not found
2021-08-04 16:59:29 DEBUG cache:45 - TemplateLoader.findTemplateSource("v3html/test-view/v3-html-standard.ftl"): Found
2021-08-04 16:59:29 DEBUG cache:45 - Loading template for "v3html/test-view/v3-html-standard.ftl"("en", UTF-8, parsed) from "jar:file:/C:/Users/patsa/.m2/repository/com/aventstack/extentreports/4.0.9/extentreports-4.0.9.jar!/com/aventstack/extentreports/view/v3html/test-view/v3-html-standard.ftl"
2021-08-04 16:59:29 DEBUG cache:45 - "v3html/test-view/v3-html-standard.ftl"("en", UTF-8, parsed) cached copy not yet stale; using cached.
2021-08-04 16:59:29 DEBUG cache:45 - "v3html/test-view/v3-html-standard.ftl"("en", UTF-8, parsed) cached copy not yet stale; using cached.
2021-08-04 16:59:29 DEBUG cache:45 - "v3html/test-view/v3-html-standard.ftl"("en", UTF-8, parsed) cached copy not yet stale; using cached.
2021-08-04 16:59:29 DEBUG cache:45 - "v3html/test-view/v3-html-standard.ftl"("en", UTF-8, parsed) cached copy not yet stale; using cached.
2021-08-04 16:59:29 DEBUG cache:45 - "v3html/test-view/v3-html-standard.ftl"("en", UTF-8, parsed) cached copy not yet stale; using cached.
2021-08-04 16:59:29 DEBUG cache:45 - "v3html/test-view/v3-html-standard.ftl"("en", UTF-8, parsed) cached copy not yet stale; using cached.
2021-08-04 16:59:29 DEBUG cache:45 - "v3html/test-view/v3-html-standard.ftl"("en", UTF-8, parsed) cached copy not yet stale; using cached.
2021-08-04 16:59:29 DEBUG cache:45 - "v3html/test-view/v3-html-standard.ftl"("en", UTF-8, parsed) cached copy not yet stale; using cached.
2021-08-04 16:59:29 DEBUG cache:45 - "v3html/test-view/v3-html-standard.ftl"("en", UTF-8, parsed) cached copy not yet stale; using cached.
2021-08-04 16:59:29 DEBUG cache:45 - "v3html/test-view/v3-html-standard.ftl"("en", UTF-8, parsed) cached copy not yet stale; using cached.
2021-08-04 16:59:29 DEBUG cache:45 - "v3html/test-view/v3-html-standard.ftl"("en", UTF-8, parsed) cached copy not yet stale; using cached.
2021-08-04 16:59:29 DEBUG cache:45 - "v3html/test-view/v3-html-standard.ftl"("en", UTF-8, parsed) cached copy not yet stale; using cached.
2021-08-04 16:59:29 DEBUG cache:45 - "v3html/test-view/v3-html-standard.ftl"("en", UTF-8, parsed) cached copy not yet stale; using cached.
2021-08-04 16:59:29 DEBUG cache:45 - "v3html/test-view/v3-html-standard.ftl"("en", UTF-8, parsed) cached copy not yet stale; using cached.
2021-08-04 16:59:29 DEBUG cache:45 - "v3html/test-view/v3-html-standard.ftl"("en", UTF-8, parsed) cached copy not yet stale; using cached.
2021-08-04 16:59:29 DEBUG cache:45 - Couldn't find template in cache for "v3html/category-view/v3-html-category-view.ftl"("en", UTF-8, parsed); will try to load it.
2021-08-04 16:59:29 DEBUG cache:45 - TemplateLoader.findTemplateSource("v3html/category-view/v3-html-category-view_en.ftl"): Not found
2021-08-04 16:59:29 DEBUG cache:45 - TemplateLoader.findTemplateSource("v3html/category-view/v3-html-category-view.ftl"): Found
2021-08-04 16:59:29 DEBUG cache:45 - Loading template for "v3html/category-view/v3-html-category-view.ftl"("en", UTF-8, parsed) from "jar:file:/C:/Users/patsa/.m2/repository/com/aventstack/extentreports/4.0.9/extentreports-4.0.9.jar!/com/aventstack/extentreports/view/v3html/category-view/v3-html-category-view.ftl"
2021-08-04 16:59:29 DEBUG cache:45 - Couldn't find template in cache for "v3html/exception-view/v3-html-exception-view.ftl"("en", UTF-8, parsed); will try to load it.
2021-08-04 16:59:29 DEBUG cache:45 - TemplateLoader.findTemplateSource("v3html/exception-view/v3-html-exception-view_en.ftl"): Not found
2021-08-04 16:59:29 DEBUG cache:45 - TemplateLoader.findTemplateSource("v3html/exception-view/v3-html-exception-view.ftl"): Found
2021-08-04 16:59:29 DEBUG cache:45 - Loading template for "v3html/exception-view/v3-html-exception-view.ftl"("en", UTF-8, parsed) from "jar:file:/C:/Users/patsa/.m2/repository/com/aventstack/extentreports/4.0.9/extentreports-4.0.9.jar!/com/aventstack/extentreports/view/v3html/exception-view/v3-html-exception-view.ftl"
2021-08-04 16:59:29 DEBUG cache:45 - Couldn't find template in cache for "v3html/author-view/v3-html-author-view.ftl"("en", UTF-8, parsed); will try to load it.
2021-08-04 16:59:29 DEBUG cache:45 - TemplateLoader.findTemplateSource("v3html/author-view/v3-html-author-view_en.ftl"): Not found
2021-08-04 16:59:29 DEBUG cache:45 - TemplateLoader.findTemplateSource("v3html/author-view/v3-html-author-view.ftl"): Found
2021-08-04 16:59:29 DEBUG cache:45 - Loading template for "v3html/author-view/v3-html-author-view.ftl"("en", UTF-8, parsed) from "jar:file:/C:/Users/patsa/.m2/repository/com/aventstack/extentreports/4.0.9/extentreports-4.0.9.jar!/com/aventstack/extentreports/view/v3html/author-view/v3-html-author-view.ftl"
2021-08-04 16:59:29 DEBUG cache:45 - Couldn't find template in cache for "v3html/dashboard-view/v3-html-dashboard-view.ftl"("en", UTF-8, parsed); will try to load it.
2021-08-04 16:59:29 DEBUG cache:45 - TemplateLoader.findTemplateSource("v3html/dashboard-view/v3-html-dashboard-view_en.ftl"): Not found
2021-08-04 16:59:29 DEBUG cache:45 - TemplateLoader.findTemplateSource("v3html/dashboard-view/v3-html-dashboard-view.ftl"): Found
2021-08-04 16:59:29 DEBUG cache:45 - Loading template for "v3html/dashboard-view/v3-html-dashboard-view.ftl"("en", UTF-8, parsed) from "jar:file:/C:/Users/patsa/.m2/repository/com/aventstack/extentreports/4.0.9/extentreports-4.0.9.jar!/com/aventstack/extentreports/view/v3html/dashboard-view/v3-html-dashboard-view.ftl"
2021-08-04 16:59:29 DEBUG cache:45 - Couldn't find template in cache for "v3html/logs-view/v3-html-testrunner-logs-view.ftl"("en", UTF-8, parsed); will try to load it.
2021-08-04 16:59:29 DEBUG cache:45 - TemplateLoader.findTemplateSource("v3html/logs-view/v3-html-testrunner-logs-view_en.ftl"): Not found
2021-08-04 16:59:29 DEBUG cache:45 - TemplateLoader.findTemplateSource("v3html/logs-view/v3-html-testrunner-logs-view.ftl"): Found
2021-08-04 16:59:29 DEBUG cache:45 - Loading template for "v3html/logs-view/v3-html-testrunner-logs-view.ftl"("en", UTF-8, parsed) from "jar:file:/C:/Users/patsa/.m2/repository/com/aventstack/extentreports/4.0.9/extentreports-4.0.9.jar!/com/aventstack/extentreports/view/v3html/logs-view/v3-html-testrunner-logs-view.ftl"
